
*** Running vivado
    with args -log design_1_io_buffer_0_0.vds -m64 -product Vivado -mode batch -messageDb vivado.pb -notrace -source design_1_io_buffer_0_0.tcl



****** Vivado v2023.1 (64-bit)
  **** SW Build 3865809 on Sun May  7 15:05:29 MDT 2023
  **** IP Build 3864474 on Sun May  7 20:36:21 MDT 2023
  **** SharedData Build 3865790 on Sun May 07 13:33:03 MDT 2023
    ** Copyright 1986-2022 Xilinx, Inc. All Rights Reserved.
    ** Copyright 2022-2023 Advanced Micro Devices, Inc. All Rights Reserved.

source design_1_io_buffer_0_0.tcl -notrace
create_project: Time (s): cpu = 00:00:03 ; elapsed = 00:00:07 . Memory (MB): peak = 1459.586 ; gain = 159.359
INFO: [IP_Flow 19-234] Refreshing IP repositories
INFO: [IP_Flow 19-1704] No user IP repositories specified
INFO: [IP_Flow 19-2313] Loaded Vivado IP repository 'C:/Xilinx/Vivado/2023.1/data/ip'.
WARNING: [IP_Flow 19-4995] The host OS only allows 260 characters in a normal path. The IP cache path is more than 80 characters. If you experience issues with IP caching, please consider changing the IP cache to a location with a shorter path. Alternately consider using the OS subst command to map part of the path to a drive letter. 
Current IP cache path is c:/Users/Jochem/GitHub/Fontys/mo8-digitaal-ontvanger/mo8-digitaal-ontvanger/mo8-digitaal-ontvanger.cache/ip 
INFO: [IP_Flow 19-6924] IPCACHE: Running cache check for IP inst: design_1_io_buffer_0_0
Command: synth_design -top design_1_io_buffer_0_0 -part xc7z020clg400-1 -incremental_mode off -mode out_of_context
Starting synth_design
Attempting to get a license for feature 'Synthesis' and/or device 'xc7z020'
INFO: [Common 17-349] Got license for feature 'Synthesis' and/or device 'xc7z020'
INFO: [Device 21-403] Loading part xc7z020clg400-1
INFO: [Synth 8-7079] Multithreading enabled for synth_design using a maximum of 2 processes.
INFO: [Synth 8-7078] Launching helper process for spawning children vivado processes
INFO: [Synth 8-7075] Helper process launched with PID 18556
---------------------------------------------------------------------------------
Starting RTL Elaboration : Time (s): cpu = 00:00:02 ; elapsed = 00:00:06 . Memory (MB): peak = 2315.715 ; gain = 410.328
---------------------------------------------------------------------------------
INFO: [Synth 8-638] synthesizing module 'design_1_io_buffer_0_0' [c:/Users/Jochem/GitHub/Fontys/mo8-digitaal-ontvanger/mo8-digitaal-ontvanger/mo8-digitaal-ontvanger.gen/sources_1/bd/design_1/ip/design_1_io_buffer_0_0/synth/design_1_io_buffer_0_0.vhd:64]
INFO: [Synth 8-3491] module 'io_buffer' declared at 'C:/Users/Jochem/GitHub/Fontys/mo8-digitaal-ontvanger/mo8-digitaal-ontvanger/mo8-digitaal-ontvanger.srcs/sources_1/new/io_buffer.vhd:4' bound to instance 'U0' of component 'io_buffer' [c:/Users/Jochem/GitHub/Fontys/mo8-digitaal-ontvanger/mo8-digitaal-ontvanger/mo8-digitaal-ontvanger.gen/sources_1/bd/design_1/ip/design_1_io_buffer_0_0/synth/design_1_io_buffer_0_0.vhd:87]
INFO: [Synth 8-638] synthesizing module 'io_buffer' [C:/Users/Jochem/GitHub/Fontys/mo8-digitaal-ontvanger/mo8-digitaal-ontvanger/mo8-digitaal-ontvanger.srcs/sources_1/new/io_buffer.vhd:10]
INFO: [Synth 8-256] done synthesizing module 'io_buffer' (0#1) [C:/Users/Jochem/GitHub/Fontys/mo8-digitaal-ontvanger/mo8-digitaal-ontvanger/mo8-digitaal-ontvanger.srcs/sources_1/new/io_buffer.vhd:10]
INFO: [Synth 8-256] done synthesizing module 'design_1_io_buffer_0_0' (0#1) [c:/Users/Jochem/GitHub/Fontys/mo8-digitaal-ontvanger/mo8-digitaal-ontvanger/mo8-digitaal-ontvanger.gen/sources_1/bd/design_1/ip/design_1_io_buffer_0_0/synth/design_1_io_buffer_0_0.vhd:64]
---------------------------------------------------------------------------------
Finished RTL Elaboration : Time (s): cpu = 00:00:03 ; elapsed = 00:00:09 . Memory (MB): peak = 2408.453 ; gain = 503.066
---------------------------------------------------------------------------------
---------------------------------------------------------------------------------
Start Handling Custom Attributes
---------------------------------------------------------------------------------
---------------------------------------------------------------------------------
Finished Handling Custom Attributes : Time (s): cpu = 00:00:03 ; elapsed = 00:00:09 . Memory (MB): peak = 2426.367 ; gain = 520.980
---------------------------------------------------------------------------------
---------------------------------------------------------------------------------
Finished RTL Optimization Phase 1 : Time (s): cpu = 00:00:03 ; elapsed = 00:00:09 . Memory (MB): peak = 2426.367 ; gain = 520.980
---------------------------------------------------------------------------------
Netlist sorting complete. Time (s): cpu = 00:00:00 ; elapsed = 00:00:00 . Memory (MB): peak = 2426.367 ; gain = 0.000
INFO: [Project 1-570] Preparing netlist for logic optimization

Processing XDC Constraints
Initializing timing engine
Completed Processing XDC Constraints

Netlist sorting complete. Time (s): cpu = 00:00:00 ; elapsed = 00:00:00 . Memory (MB): peak = 2454.254 ; gain = 0.000
INFO: [Project 1-111] Unisim Transformation Summary:
No Unisim elements were transformed.

Constraint Validation Runtime : Time (s): cpu = 00:00:00 ; elapsed = 00:00:00.020 . Memory (MB): peak = 2454.254 ; gain = 0.000
INFO: [Designutils 20-5008] Incremental synthesis strategy off
---------------------------------------------------------------------------------
Finished Constraint Validation : Time (s): cpu = 00:00:06 ; elapsed = 00:00:17 . Memory (MB): peak = 2454.254 ; gain = 548.867
---------------------------------------------------------------------------------
---------------------------------------------------------------------------------
Start Loading Part and Timing Information
---------------------------------------------------------------------------------
Loading part: xc7z020clg400-1
---------------------------------------------------------------------------------
Finished Loading Part and Timing Information : Time (s): cpu = 00:00:06 ; elapsed = 00:00:17 . Memory (MB): peak = 2454.254 ; gain = 548.867
---------------------------------------------------------------------------------
---------------------------------------------------------------------------------
Start Applying 'set_property' XDC Constraints
---------------------------------------------------------------------------------
---------------------------------------------------------------------------------
Finished applying 'set_property' XDC Constraints : Time (s): cpu = 00:00:06 ; elapsed = 00:00:17 . Memory (MB): peak = 2454.254 ; gain = 548.867
---------------------------------------------------------------------------------
---------------------------------------------------------------------------------
Finished RTL Optimization Phase 2 : Time (s): cpu = 00:00:06 ; elapsed = 00:00:17 . Memory (MB): peak = 2454.254 ; gain = 548.867
---------------------------------------------------------------------------------
---------------------------------------------------------------------------------
Start RTL Component Statistics 
---------------------------------------------------------------------------------
Detailed RTL Component Info : 
+---Registers : 
	                1 Bit    Registers := 1     
---------------------------------------------------------------------------------
Finished RTL Component Statistics 
---------------------------------------------------------------------------------
---------------------------------------------------------------------------------
Start Part Resource Summary
---------------------------------------------------------------------------------
Part Resources:
DSPs: 220 (col length:60)
BRAMs: 280 (col length: RAMB18 60 RAMB36 30)
---------------------------------------------------------------------------------
Finished Part Resource Summary
---------------------------------------------------------------------------------
---------------------------------------------------------------------------------
Start Cross Boundary and Area Optimization
---------------------------------------------------------------------------------
WARNING: [Synth 8-7080] Parallel synthesis criteria is not met
---------------------------------------------------------------------------------
Finished Cross Boundary and Area Optimization : Time (s): cpu = 00:00:07 ; elapsed = 00:00:19 . Memory (MB): peak = 2454.254 ; gain = 548.867
---------------------------------------------------------------------------------
---------------------------------------------------------------------------------
Start Applying XDC Timing Constraints
---------------------------------------------------------------------------------
---------------------------------------------------------------------------------
Finished Applying XDC Timing Constraints : Time (s): cpu = 00:00:09 ; elapsed = 00:00:25 . Memory (MB): peak = 2454.254 ; gain = 548.867
---------------------------------------------------------------------------------
---------------------------------------------------------------------------------
Start Timing Optimization
---------------------------------------------------------------------------------
---------------------------------------------------------------------------------
Finished Timing Optimization : Time (s): cpu = 00:00:09 ; elapsed = 00:00:25 . Memory (MB): peak = 2454.254 ; gain = 548.867
---------------------------------------------------------------------------------
---------------------------------------------------------------------------------
Start Technology Mapping
---------------------------------------------------------------------------------
---------------------------------------------------------------------------------
Finished Technology Mapping : Time (s): cpu = 00:00:09 ; elapsed = 00:00:25 . Memory (MB): peak = 2454.254 ; gain = 548.867
---------------------------------------------------------------------------------
---------------------------------------------------------------------------------
Start IO Insertion
---------------------------------------------------------------------------------
---------------------------------------------------------------------------------
Start Flattening Before IO Insertion
---------------------------------------------------------------------------------
---------------------------------------------------------------------------------
Finished Flattening Before IO Insertion
---------------------------------------------------------------------------------
---------------------------------------------------------------------------------
Start Final Netlist Cleanup
---------------------------------------------------------------------------------
---------------------------------------------------------------------------------
Finished Final Netlist Cleanup
---------------------------------------------------------------------------------
---------------------------------------------------------------------------------
Finished IO Insertion : Time (s): cpu = 00:00:11 ; elapsed = 00:00:31 . Memory (MB): peak = 2454.254 ; gain = 548.867
---------------------------------------------------------------------------------
---------------------------------------------------------------------------------
Start Renaming Generated Instances
---------------------------------------------------------------------------------
---------------------------------------------------------------------------------
Finished Renaming Generated Instances : Time (s): cpu = 00:00:11 ; elapsed = 00:00:31 . Memory (MB): peak = 2454.254 ; gain = 548.867
---------------------------------------------------------------------------------
---------------------------------------------------------------------------------
Start Rebuilding User Hierarchy
---------------------------------------------------------------------------------
---------------------------------------------------------------------------------
Finished Rebuilding User Hierarchy : Time (s): cpu = 00:00:11 ; elapsed = 00:00:31 . Memory (MB): peak = 2454.254 ; gain = 548.867
---------------------------------------------------------------------------------
---------------------------------------------------------------------------------
Start Renaming Generated Ports
---------------------------------------------------------------------------------
---------------------------------------------------------------------------------
Finished Renaming Generated Ports : Time (s): cpu = 00:00:11 ; elapsed = 00:00:31 . Memory (MB): peak = 2454.254 ; gain = 548.867
---------------------------------------------------------------------------------
---------------------------------------------------------------------------------
Start Handling Custom Attributes
---------------------------------------------------------------------------------
---------------------------------------------------------------------------------
Finished Handling Custom Attributes : Time (s): cpu = 00:00:11 ; elapsed = 00:00:31 . Memory (MB): peak = 2454.254 ; gain = 548.867
---------------------------------------------------------------------------------
---------------------------------------------------------------------------------
Start Renaming Generated Nets
---------------------------------------------------------------------------------
---------------------------------------------------------------------------------
Finished Renaming Generated Nets : Time (s): cpu = 00:00:11 ; elapsed = 00:00:31 . Memory (MB): peak = 2454.254 ; gain = 548.867
---------------------------------------------------------------------------------
---------------------------------------------------------------------------------
Start Writing Synthesis Report
---------------------------------------------------------------------------------

Report BlackBoxes: 
+-+--------------+----------+
| |BlackBox name |Instances |
+-+--------------+----------+
+-+--------------+----------+

Report Cell Usage: 
+------+-----+------+
|      |Cell |Count |
+------+-----+------+
|1     |FDRE |     1|
+------+-----+------+
---------------------------------------------------------------------------------
Finished Writing Synthesis Report : Time (s): cpu = 00:00:11 ; elapsed = 00:00:31 . Memory (MB): peak = 2454.254 ; gain = 548.867
---------------------------------------------------------------------------------
Synthesis finished with 0 errors, 0 critical warnings and 1 warnings.
Synthesis Optimization Runtime : Time (s): cpu = 00:00:07 ; elapsed = 00:00:29 . Memory (MB): peak = 2454.254 ; gain = 520.980
Synthesis Optimization Complete : Time (s): cpu = 00:00:11 ; elapsed = 00:00:31 . Memory (MB): peak = 2454.254 ; gain = 548.867
INFO: [Project 1-571] Translating synthesized netlist
Netlist sorting complete. Time (s): cpu = 00:00:00 ; elapsed = 00:00:00 . Memory (MB): peak = 2454.254 ; gain = 0.000
INFO: [Project 1-570] Preparing netlist for logic optimization
INFO: [Opt 31-138] Pushed 0 inverter(s) to 0 load pin(s).
Netlist sorting complete. Time (s): cpu = 00:00:00 ; elapsed = 00:00:00 . Memory (MB): peak = 2454.254 ; gain = 0.000
INFO: [Project 1-111] Unisim Transformation Summary:
No Unisim elements were transformed.

Synth Design complete | Checksum: 5264c1b5
INFO: [Common 17-83] Releasing license: Synthesis
22 Infos, 2 Warnings, 0 Critical Warnings and 0 Errors encountered.
synth_design completed successfully
synth_design: Time (s): cpu = 00:00:13 ; elapsed = 00:00:37 . Memory (MB): peak = 2454.254 ; gain = 952.262
INFO: [Common 17-1381] The checkpoint 'C:/Users/Jochem/GitHub/Fontys/mo8-digitaal-ontvanger/mo8-digitaal-ontvanger/mo8-digitaal-ontvanger.runs/design_1_io_buffer_0_0_synth_1/design_1_io_buffer_0_0.dcp' has been generated.
INFO: [Coretcl 2-1648] Added synthesis output to IP cache for IP design_1_io_buffer_0_0, cache-ID = 8983e0219647e13f
INFO: [Common 17-1381] The checkpoint 'C:/Users/Jochem/GitHub/Fontys/mo8-digitaal-ontvanger/mo8-digitaal-ontvanger/mo8-digitaal-ontvanger.runs/design_1_io_buffer_0_0_synth_1/design_1_io_buffer_0_0.dcp' has been generated.
INFO: [runtcl-4] Executing : report_utilization -file design_1_io_buffer_0_0_utilization_synth.rpt -pb design_1_io_buffer_0_0_utilization_synth.pb
INFO: [Common 17-206] Exiting Vivado at Tue May 14 11:03:10 2024...
