
*** Running vivado
    with args -log design_1_Karakter_FIFO_0_0.vds -m64 -product Vivado -mode batch -messageDb vivado.pb -notrace -source design_1_Karakter_FIFO_0_0.tcl



****** Vivado v2023.1 (64-bit)
  **** SW Build 3865809 on Sun May  7 15:05:29 MDT 2023
  **** IP Build 3864474 on Sun May  7 20:36:21 MDT 2023
  **** SharedData Build 3865790 on Sun May 07 13:33:03 MDT 2023
    ** Copyright 1986-2022 Xilinx, Inc. All Rights Reserved.
    ** Copyright 2022-2023 Advanced Micro Devices, Inc. All Rights Reserved.

source design_1_Karakter_FIFO_0_0.tcl -notrace
create_project: Time (s): cpu = 00:00:12 ; elapsed = 00:00:20 . Memory (MB): peak = 1455.113 ; gain = 154.148
INFO: [IP_Flow 19-234] Refreshing IP repositories
INFO: [IP_Flow 19-1704] No user IP repositories specified
INFO: [IP_Flow 19-2313] Loaded Vivado IP repository 'C:/Xilinx/Vivado/2023.1/data/ip'.
WARNING: [IP_Flow 19-4995] The host OS only allows 260 characters in a normal path. The IP cache path is more than 80 characters. If you experience issues with IP caching, please consider changing the IP cache to a location with a shorter path. Alternately consider using the OS subst command to map part of the path to a drive letter. 
Current IP cache path is c:/Users/Jochem/GitHub/Fontys/mo8-digitaal-ontvanger/mo8-digitaal-ontvanger/mo8-digitaal-ontvanger.cache/ip 
INFO: [IP_Flow 19-6924] IPCACHE: Running cache check for IP inst: design_1_Karakter_FIFO_0_0
Command: synth_design -top design_1_Karakter_FIFO_0_0 -part xc7z020clg400-1 -incremental_mode off -mode out_of_context
Starting synth_design
Attempting to get a license for feature 'Synthesis' and/or device 'xc7z020'
INFO: [Common 17-349] Got license for feature 'Synthesis' and/or device 'xc7z020'
INFO: [Device 21-403] Loading part xc7z020clg400-1
INFO: [Synth 8-7079] Multithreading enabled for synth_design using a maximum of 2 processes.
INFO: [Synth 8-7078] Launching helper process for spawning children vivado processes
INFO: [Synth 8-7075] Helper process launched with PID 27924
---------------------------------------------------------------------------------
Starting RTL Elaboration : Time (s): cpu = 00:00:15 ; elapsed = 00:00:25 . Memory (MB): peak = 2309.207 ; gain = 410.715
---------------------------------------------------------------------------------
INFO: [Synth 8-638] synthesizing module 'design_1_Karakter_FIFO_0_0' [c:/Users/Jochem/GitHub/Fontys/mo8-digitaal-ontvanger/mo8-digitaal-ontvanger/mo8-digitaal-ontvanger.gen/sources_1/bd/design_1/ip/design_1_Karakter_FIFO_0_0/synth/design_1_Karakter_FIFO_0_0.vhd:68]
INFO: [Synth 8-3491] module 'Karakter_FIFO' declared at 'C:/Users/Jochem/GitHub/Fontys/mo8-digitaal-ontvanger/mo8-digitaal-ontvanger/mo8-digitaal-ontvanger.srcs/sources_1/new/Karakter_FIFO.vhd:34' bound to instance 'U0' of component 'Karakter_FIFO' [c:/Users/Jochem/GitHub/Fontys/mo8-digitaal-ontvanger/mo8-digitaal-ontvanger/mo8-digitaal-ontvanger.gen/sources_1/bd/design_1/ip/design_1_Karakter_FIFO_0_0/synth/design_1_Karakter_FIFO_0_0.vhd:97]
INFO: [Synth 8-638] synthesizing module 'Karakter_FIFO' [C:/Users/Jochem/GitHub/Fontys/mo8-digitaal-ontvanger/mo8-digitaal-ontvanger/mo8-digitaal-ontvanger.srcs/sources_1/new/Karakter_FIFO.vhd:46]
INFO: [Synth 8-256] done synthesizing module 'Karakter_FIFO' (0#1) [C:/Users/Jochem/GitHub/Fontys/mo8-digitaal-ontvanger/mo8-digitaal-ontvanger/mo8-digitaal-ontvanger.srcs/sources_1/new/Karakter_FIFO.vhd:46]
INFO: [Synth 8-256] done synthesizing module 'design_1_Karakter_FIFO_0_0' (0#1) [c:/Users/Jochem/GitHub/Fontys/mo8-digitaal-ontvanger/mo8-digitaal-ontvanger/mo8-digitaal-ontvanger.gen/sources_1/bd/design_1/ip/design_1_Karakter_FIFO_0_0/synth/design_1_Karakter_FIFO_0_0.vhd:68]
---------------------------------------------------------------------------------
Finished RTL Elaboration : Time (s): cpu = 00:00:16 ; elapsed = 00:00:30 . Memory (MB): peak = 2403.531 ; gain = 505.039
---------------------------------------------------------------------------------
---------------------------------------------------------------------------------
Start Handling Custom Attributes
---------------------------------------------------------------------------------
---------------------------------------------------------------------------------
Finished Handling Custom Attributes : Time (s): cpu = 00:00:17 ; elapsed = 00:00:30 . Memory (MB): peak = 2421.453 ; gain = 522.961
---------------------------------------------------------------------------------
---------------------------------------------------------------------------------
Finished RTL Optimization Phase 1 : Time (s): cpu = 00:00:17 ; elapsed = 00:00:30 . Memory (MB): peak = 2421.453 ; gain = 522.961
---------------------------------------------------------------------------------
Netlist sorting complete. Time (s): cpu = 00:00:00 ; elapsed = 00:00:00.035 . Memory (MB): peak = 2421.453 ; gain = 0.000
INFO: [Project 1-570] Preparing netlist for logic optimization

Processing XDC Constraints
Initializing timing engine
Completed Processing XDC Constraints

Netlist sorting complete. Time (s): cpu = 00:00:00 ; elapsed = 00:00:00 . Memory (MB): peak = 2515.941 ; gain = 0.000
INFO: [Project 1-111] Unisim Transformation Summary:
No Unisim elements were transformed.

Constraint Validation Runtime : Time (s): cpu = 00:00:00 ; elapsed = 00:00:00.069 . Memory (MB): peak = 2515.941 ; gain = 0.000
INFO: [Designutils 20-5008] Incremental synthesis strategy off
---------------------------------------------------------------------------------
Finished Constraint Validation : Time (s): cpu = 00:00:27 ; elapsed = 00:00:52 . Memory (MB): peak = 2515.941 ; gain = 617.449
---------------------------------------------------------------------------------
---------------------------------------------------------------------------------
Start Loading Part and Timing Information
---------------------------------------------------------------------------------
Loading part: xc7z020clg400-1
---------------------------------------------------------------------------------
Finished Loading Part and Timing Information : Time (s): cpu = 00:00:27 ; elapsed = 00:00:52 . Memory (MB): peak = 2515.941 ; gain = 617.449
---------------------------------------------------------------------------------
---------------------------------------------------------------------------------
Start Applying 'set_property' XDC Constraints
---------------------------------------------------------------------------------
---------------------------------------------------------------------------------
Finished applying 'set_property' XDC Constraints : Time (s): cpu = 00:00:27 ; elapsed = 00:00:52 . Memory (MB): peak = 2515.941 ; gain = 617.449
---------------------------------------------------------------------------------
---------------------------------------------------------------------------------
Finished RTL Optimization Phase 2 : Time (s): cpu = 00:00:27 ; elapsed = 00:00:53 . Memory (MB): peak = 2515.941 ; gain = 617.449
---------------------------------------------------------------------------------
---------------------------------------------------------------------------------
Start RTL Component Statistics 
---------------------------------------------------------------------------------
Detailed RTL Component Info : 
+---Registers : 
	              128 Bit    Registers := 1     
	               32 Bit    Registers := 1     
	                1 Bit    Registers := 2     
+---Muxes : 
	   2 Input  128 Bit        Muxes := 1     
	   2 Input    1 Bit        Muxes := 1     
---------------------------------------------------------------------------------
Finished RTL Component Statistics 
---------------------------------------------------------------------------------
---------------------------------------------------------------------------------
Start Part Resource Summary
---------------------------------------------------------------------------------
Part Resources:
DSPs: 220 (col length:60)
BRAMs: 280 (col length: RAMB18 60 RAMB36 30)
---------------------------------------------------------------------------------
Finished Part Resource Summary
---------------------------------------------------------------------------------
---------------------------------------------------------------------------------
Start Cross Boundary and Area Optimization
---------------------------------------------------------------------------------
WARNING: [Synth 8-7080] Parallel synthesis criteria is not met
---------------------------------------------------------------------------------
Finished Cross Boundary and Area Optimization : Time (s): cpu = 00:00:31 ; elapsed = 00:00:59 . Memory (MB): peak = 2515.941 ; gain = 617.449
---------------------------------------------------------------------------------
---------------------------------------------------------------------------------
Start Applying XDC Timing Constraints
---------------------------------------------------------------------------------
---------------------------------------------------------------------------------
Finished Applying XDC Timing Constraints : Time (s): cpu = 00:00:41 ; elapsed = 00:01:17 . Memory (MB): peak = 2515.941 ; gain = 617.449
---------------------------------------------------------------------------------
---------------------------------------------------------------------------------
Start Timing Optimization
---------------------------------------------------------------------------------
---------------------------------------------------------------------------------
Finished Timing Optimization : Time (s): cpu = 00:00:41 ; elapsed = 00:01:17 . Memory (MB): peak = 2515.941 ; gain = 617.449
---------------------------------------------------------------------------------
---------------------------------------------------------------------------------
Start Technology Mapping
---------------------------------------------------------------------------------
---------------------------------------------------------------------------------
Finished Technology Mapping : Time (s): cpu = 00:00:41 ; elapsed = 00:01:17 . Memory (MB): peak = 2515.941 ; gain = 617.449
---------------------------------------------------------------------------------
---------------------------------------------------------------------------------
Start IO Insertion
---------------------------------------------------------------------------------
---------------------------------------------------------------------------------
Start Flattening Before IO Insertion
---------------------------------------------------------------------------------
---------------------------------------------------------------------------------
Finished Flattening Before IO Insertion
---------------------------------------------------------------------------------
---------------------------------------------------------------------------------
Start Final Netlist Cleanup
---------------------------------------------------------------------------------
---------------------------------------------------------------------------------
Finished Final Netlist Cleanup
---------------------------------------------------------------------------------
---------------------------------------------------------------------------------
Finished IO Insertion : Time (s): cpu = 00:00:48 ; elapsed = 00:01:33 . Memory (MB): peak = 2515.941 ; gain = 617.449
---------------------------------------------------------------------------------
---------------------------------------------------------------------------------
Start Renaming Generated Instances
---------------------------------------------------------------------------------
---------------------------------------------------------------------------------
Finished Renaming Generated Instances : Time (s): cpu = 00:00:48 ; elapsed = 00:01:33 . Memory (MB): peak = 2515.941 ; gain = 617.449
---------------------------------------------------------------------------------
---------------------------------------------------------------------------------
Start Rebuilding User Hierarchy
---------------------------------------------------------------------------------
---------------------------------------------------------------------------------
Finished Rebuilding User Hierarchy : Time (s): cpu = 00:00:49 ; elapsed = 00:01:33 . Memory (MB): peak = 2515.941 ; gain = 617.449
---------------------------------------------------------------------------------
---------------------------------------------------------------------------------
Start Renaming Generated Ports
---------------------------------------------------------------------------------
---------------------------------------------------------------------------------
Finished Renaming Generated Ports : Time (s): cpu = 00:00:49 ; elapsed = 00:01:33 . Memory (MB): peak = 2515.941 ; gain = 617.449
---------------------------------------------------------------------------------
---------------------------------------------------------------------------------
Start Handling Custom Attributes
---------------------------------------------------------------------------------
---------------------------------------------------------------------------------
Finished Handling Custom Attributes : Time (s): cpu = 00:00:49 ; elapsed = 00:01:33 . Memory (MB): peak = 2515.941 ; gain = 617.449
---------------------------------------------------------------------------------
---------------------------------------------------------------------------------
Start Renaming Generated Nets
---------------------------------------------------------------------------------
---------------------------------------------------------------------------------
Finished Renaming Generated Nets : Time (s): cpu = 00:00:49 ; elapsed = 00:01:33 . Memory (MB): peak = 2515.941 ; gain = 617.449
---------------------------------------------------------------------------------
---------------------------------------------------------------------------------
Start Writing Synthesis Report
---------------------------------------------------------------------------------

Report BlackBoxes: 
+-+--------------+----------+
| |BlackBox name |Instances |
+-+--------------+----------+
+-+--------------+----------+

Report Cell Usage: 
+------+-------+------+
|      |Cell   |Count |
+------+-------+------+
|1     |CARRY4 |    22|
|2     |LUT1   |     1|
|3     |LUT2   |     2|
|4     |LUT3   |   116|
|5     |LUT4   |    96|
|6     |LUT5   |     1|
|7     |FDRE   |   162|
+------+-------+------+
---------------------------------------------------------------------------------
Finished Writing Synthesis Report : Time (s): cpu = 00:00:49 ; elapsed = 00:01:33 . Memory (MB): peak = 2515.941 ; gain = 617.449
---------------------------------------------------------------------------------
Synthesis finished with 0 errors, 0 critical warnings and 1 warnings.
Synthesis Optimization Runtime : Time (s): cpu = 00:00:30 ; elapsed = 00:01:28 . Memory (MB): peak = 2515.941 ; gain = 522.961
Synthesis Optimization Complete : Time (s): cpu = 00:00:49 ; elapsed = 00:01:34 . Memory (MB): peak = 2515.941 ; gain = 617.449
INFO: [Project 1-571] Translating synthesized netlist
Netlist sorting complete. Time (s): cpu = 00:00:00 ; elapsed = 00:00:00.019 . Memory (MB): peak = 2515.941 ; gain = 0.000
INFO: [Netlist 29-17] Analyzing 22 Unisim elements for replacement
INFO: [Netlist 29-28] Unisim Transformation completed in 0 CPU seconds
INFO: [Project 1-570] Preparing netlist for logic optimization
INFO: [Opt 31-138] Pushed 0 inverter(s) to 0 load pin(s).
Netlist sorting complete. Time (s): cpu = 00:00:00 ; elapsed = 00:00:00.001 . Memory (MB): peak = 2515.941 ; gain = 0.000
INFO: [Project 1-111] Unisim Transformation Summary:
No Unisim elements were transformed.

Synth Design complete | Checksum: 51aab8a2
INFO: [Common 17-83] Releasing license: Synthesis
24 Infos, 2 Warnings, 0 Critical Warnings and 0 Errors encountered.
synth_design completed successfully
synth_design: Time (s): cpu = 00:01:02 ; elapsed = 00:01:54 . Memory (MB): peak = 2515.941 ; gain = 1020.082
INFO: [Common 17-1381] The checkpoint 'C:/Users/Jochem/GitHub/Fontys/mo8-digitaal-ontvanger/mo8-digitaal-ontvanger/mo8-digitaal-ontvanger.runs/design_1_Karakter_FIFO_0_0_synth_1/design_1_Karakter_FIFO_0_0.dcp' has been generated.
INFO: [Coretcl 2-1648] Added synthesis output to IP cache for IP design_1_Karakter_FIFO_0_0, cache-ID = 523e1727848e8054
INFO: [Common 17-1381] The checkpoint 'C:/Users/Jochem/GitHub/Fontys/mo8-digitaal-ontvanger/mo8-digitaal-ontvanger/mo8-digitaal-ontvanger.runs/design_1_Karakter_FIFO_0_0_synth_1/design_1_Karakter_FIFO_0_0.dcp' has been generated.
INFO: [runtcl-4] Executing : report_utilization -file design_1_Karakter_FIFO_0_0_utilization_synth.rpt -pb design_1_Karakter_FIFO_0_0_utilization_synth.pb
INFO: [Common 17-206] Exiting Vivado at Wed Jun  5 14:40:10 2024...
